Logfile initialized
[INFO] logfile = /Users/acaland/labs/OpenView/build.log
[DEBUG] /Users/acaland/Library/Application Support/Titanium/mobilesdk/osx/3.1.3.GA/android/builder.py build OpenView /Users/acaland/android-sdk-macosx /Users/acaland/labs/OpenView it.etnatraining.openview
[INFO] Titanium SDK version: 3.1.3 (09/18/13 12:00 222f4d1)
[DEBUG] it.etnatraining.openview installed? False
[INFO] Copying CommonJS modules...
[INFO] Copying project resources..
[INFO] Detected change in tiapp.xml, or assets deleted. Forcing full re-build...
[TRACE] COPYING CREATED FILE: /Users/acaland/labs/OpenView/Resources/android/appicon.png => /Users/acaland/labs/OpenView/build/android/bin/assets/Resources/appicon.png
[TRACE] COPYING CREATED FILE: /Users/acaland/labs/OpenView/Resources/android/default.png => /Users/acaland/labs/OpenView/build/android/bin/assets/Resources/default.png
[TRACE] COPYING CREATED FILE: /Users/acaland/labs/OpenView/Resources/app.js => /Users/acaland/labs/OpenView/build/android/bin/assets/Resources/app.js
[TRACE] COPYING CREATED FILE: /Users/acaland/labs/OpenView/Resources/KS_nav_ui.png => /Users/acaland/labs/OpenView/build/android/bin/assets/Resources/KS_nav_ui.png
[TRACE] COPYING CREATED FILE: /Users/acaland/labs/OpenView/Resources/KS_nav_views.png => /Users/acaland/labs/OpenView/build/android/bin/assets/Resources/KS_nav_views.png
[DEBUG] LiveView not enabled
[TRACE] Generating Java Classes
[DEBUG] Processing Android resource drawables
[DEBUG] app stylesheet => /Users/acaland/labs/OpenView/build/android/gen/it/etnatraining/openview/ApplicationStylesheet.java
[DEBUG] copying app icon: /Users/acaland/labs/OpenView/build/android/bin/assets/Resources/appicon.png
[DEBUG] generating theme.xml
[DEBUG] found drawable-long-land-hdpi splash screen at /Users/acaland/labs/OpenView/Resources/android/images/res-long-land-hdpi/default.png
[DEBUG] copying /Users/acaland/labs/OpenView/Resources/android/images/res-long-land-hdpi/default.png splash screen to /Users/acaland/labs/OpenView/build/android/res/drawable-long-land-hdpi/background.png
[DEBUG] found drawable-long-land-ldpi splash screen at /Users/acaland/labs/OpenView/Resources/android/images/res-long-land-ldpi/default.png
[DEBUG] copying /Users/acaland/labs/OpenView/Resources/android/images/res-long-land-ldpi/default.png splash screen to /Users/acaland/labs/OpenView/build/android/res/drawable-long-land-ldpi/background.png
[DEBUG] found drawable-long-port-hdpi splash screen at /Users/acaland/labs/OpenView/Resources/android/images/res-long-port-hdpi/default.png
[DEBUG] copying /Users/acaland/labs/OpenView/Resources/android/images/res-long-port-hdpi/default.png splash screen to /Users/acaland/labs/OpenView/build/android/res/drawable-long-port-hdpi/background.png
[DEBUG] found drawable-long-port-ldpi splash screen at /Users/acaland/labs/OpenView/Resources/android/images/res-long-port-ldpi/default.png
[DEBUG] copying /Users/acaland/labs/OpenView/Resources/android/images/res-long-port-ldpi/default.png splash screen to /Users/acaland/labs/OpenView/build/android/res/drawable-long-port-ldpi/background.png
[DEBUG] found drawable-notlong-land-hdpi splash screen at /Users/acaland/labs/OpenView/Resources/android/images/res-notlong-land-hdpi/default.png
[DEBUG] copying /Users/acaland/labs/OpenView/Resources/android/images/res-notlong-land-hdpi/default.png splash screen to /Users/acaland/labs/OpenView/build/android/res/drawable-notlong-land-hdpi/background.png
[DEBUG] found drawable-notlong-land-ldpi splash screen at /Users/acaland/labs/OpenView/Resources/android/images/res-notlong-land-ldpi/default.png
[DEBUG] copying /Users/acaland/labs/OpenView/Resources/android/images/res-notlong-land-ldpi/default.png splash screen to /Users/acaland/labs/OpenView/build/android/res/drawable-notlong-land-ldpi/background.png
[DEBUG] found drawable-notlong-land-mdpi splash screen at /Users/acaland/labs/OpenView/Resources/android/images/res-notlong-land-mdpi/default.png
[DEBUG] copying /Users/acaland/labs/OpenView/Resources/android/images/res-notlong-land-mdpi/default.png splash screen to /Users/acaland/labs/OpenView/build/android/res/drawable-notlong-land-mdpi/background.png
[DEBUG] found drawable-notlong-port-hdpi splash screen at /Users/acaland/labs/OpenView/Resources/android/images/res-notlong-port-hdpi/default.png
[DEBUG] copying /Users/acaland/labs/OpenView/Resources/android/images/res-notlong-port-hdpi/default.png splash screen to /Users/acaland/labs/OpenView/build/android/res/drawable-notlong-port-hdpi/background.png
[DEBUG] found drawable-notlong-port-ldpi splash screen at /Users/acaland/labs/OpenView/Resources/android/images/res-notlong-port-ldpi/default.png
[DEBUG] copying /Users/acaland/labs/OpenView/Resources/android/images/res-notlong-port-ldpi/default.png splash screen to /Users/acaland/labs/OpenView/build/android/res/drawable-notlong-port-ldpi/background.png
[DEBUG] found drawable-notlong-port-mdpi splash screen at /Users/acaland/labs/OpenView/Resources/android/images/res-notlong-port-mdpi/default.png
[DEBUG] copying /Users/acaland/labs/OpenView/Resources/android/images/res-notlong-port-mdpi/default.png splash screen to /Users/acaland/labs/OpenView/build/android/res/drawable-notlong-port-mdpi/background.png
[DEBUG] found splash screen at /Users/acaland/labs/OpenView/build/android/bin/assets/Resources/default.png
[TRACE] Writing out AndroidManifest.xml
[DEBUG] adding /Users/acaland/labs/OpenView/build/android/gen/it/etnatraining/openview/ApplicationStylesheet.java to javac build list
[DEBUG] adding /Users/acaland/labs/OpenView/build/android/gen/it/etnatraining/openview/OpenviewActivity.java to javac build list
[DEBUG] adding /Users/acaland/labs/OpenView/build/android/gen/it/etnatraining/openview/OpenviewAppInfo.java to javac build list
[DEBUG] adding /Users/acaland/labs/OpenView/build/android/gen/it/etnatraining/openview/OpenviewApplication.java to javac build list
[DEBUG] adding /Users/acaland/labs/OpenView/build/android/gen/it/etnatraining/openview/R.java to javac build list
[DEBUG] Building Java Sources: "/Users/acaland/labs/OpenView/build/android/gen/it/etnatraining/openview/ApplicationStylesheet.java" "/Users/acaland/labs/OpenView/build/android/gen/it/etnatraining/openview/OpenviewActivity.java" "/Users/acaland/labs/OpenView/build/android/gen/it/etnatraining/openview/OpenviewAppInfo.java" "/Users/acaland/labs/OpenView/build/android/gen/it/etnatraining/openview/OpenviewApplication.java" "/Users/acaland/labs/OpenView/build/android/gen/it/etnatraining/openview/R.java"
[INFO] Compiling Android Resources... This could take some time
[DEBUG] Android classes.dex built
[DEBUG] creating unsigned apk: /Users/acaland/labs/OpenView/build/android/bin/app-unsigned.apk
[DEBUG] from resource zip => assets/Resources/KS_nav_ui.png
[DEBUG] from resource zip => assets/Resources/KS_nav_views.png
[DEBUG] from resource zip => assets/Resources/app.js
[DEBUG] from resource zip => assets/Resources/appicon.png
[DEBUG] from resource zip => assets/Resources/default.png
[DEBUG] from resource zip => assets/app.json
[DEBUG] from resource zip => assets/index.json
[DEBUG] from resource zip => res/drawable/appicon.png
[DEBUG] from resource zip => res/drawable/background.png
[DEBUG] from resource zip => res/drawable/btn_check_buttonless_on_64.png
[DEBUG] from resource zip => res/drawable/btn_more_64.png
[DEBUG] from resource zip => res/drawable/disclosure_64.png
[DEBUG] from resource zip => res/layout/titanium_tabgroup.xml
[DEBUG] from resource zip => res/layout/titanium_ui_list_header_or_footer.xml
[DEBUG] from resource zip => res/layout/titanium_ui_list_item.xml
[DEBUG] from resource zip => AndroidManifest.xml
[DEBUG] from resource zip => resources.arsc
[DEBUG] from resource zip => res/drawable-long-land-hdpi/background.png
[DEBUG] from resource zip => res/drawable-long-land-ldpi/background.png
[DEBUG] from resource zip => res/drawable-long-port-hdpi/background.png
[DEBUG] from resource zip => res/drawable-long-port-ldpi/background.png
[DEBUG] from resource zip => res/drawable-notlong-land-hdpi/background.png
[DEBUG] from resource zip => res/drawable-notlong-land-ldpi/background.png
[DEBUG] from resource zip => res/drawable-notlong-land-mdpi/background.png
[DEBUG] from resource zip => res/drawable-notlong-port-hdpi/background.png
[DEBUG] from resource zip => res/drawable-notlong-port-ldpi/background.png
[DEBUG] from resource zip => res/drawable-notlong-port-mdpi/background.png
[DEBUG] from JAR /Users/acaland/Library/Application Support/Titanium/mobilesdk/osx/3.1.3.GA/android/titanium.jar => org/appcelerator/titanium/build.properties
[DEBUG] from JAR /Users/acaland/Library/Application Support/Titanium/mobilesdk/osx/3.1.3.GA/android/titanium.jar => org/appcelerator/titanium/res/drawable/background.png
[DEBUG] from JAR /Users/acaland/Library/Application Support/Titanium/mobilesdk/osx/3.1.3.GA/android/titanium.jar => org/appcelerator/titanium/res/drawable/btn_check_buttonless_on.png
[DEBUG] from JAR /Users/acaland/Library/Application Support/Titanium/mobilesdk/osx/3.1.3.GA/android/titanium.jar => org/appcelerator/titanium/res/drawable/btn_check_buttonless_on_18.png
[DEBUG] from JAR /Users/acaland/Library/Application Support/Titanium/mobilesdk/osx/3.1.3.GA/android/titanium.jar => org/appcelerator/titanium/res/drawable/btn_check_buttonless_on_48.png
[DEBUG] from JAR /Users/acaland/Library/Application Support/Titanium/mobilesdk/osx/3.1.3.GA/android/titanium.jar => org/appcelerator/titanium/res/drawable/btn_check_buttonless_on_64.png
[DEBUG] from JAR /Users/acaland/Library/Application Support/Titanium/mobilesdk/osx/3.1.3.GA/android/titanium.jar => org/appcelerator/titanium/res/drawable/btn_more.png
[DEBUG] from JAR /Users/acaland/Library/Application Support/Titanium/mobilesdk/osx/3.1.3.GA/android/titanium.jar => org/appcelerator/titanium/res/drawable/btn_more_18.png
[DEBUG] from JAR /Users/acaland/Library/Application Support/Titanium/mobilesdk/osx/3.1.3.GA/android/titanium.jar => org/appcelerator/titanium/res/drawable/btn_more_48.png
[DEBUG] from JAR /Users/acaland/Library/Application Support/Titanium/mobilesdk/osx/3.1.3.GA/android/titanium.jar => org/appcelerator/titanium/res/drawable/btn_more_64.png
[DEBUG] from JAR /Users/acaland/Library/Application Support/Titanium/mobilesdk/osx/3.1.3.GA/android/titanium.jar => org/appcelerator/titanium/res/drawable/btn_picker_normal.9.png
[DEBUG] from JAR /Users/acaland/Library/Application Support/Titanium/mobilesdk/osx/3.1.3.GA/android/titanium.jar => org/appcelerator/titanium/res/drawable/btn_picker_pressed.9.png
[DEBUG] from JAR /Users/acaland/Library/Application Support/Titanium/mobilesdk/osx/3.1.3.GA/android/titanium.jar => org/appcelerator/titanium/res/drawable/btn_picker_selected.9.png
[DEBUG] from JAR /Users/acaland/Library/Application Support/Titanium/mobilesdk/osx/3.1.3.GA/android/titanium.jar => org/appcelerator/titanium/res/drawable/default_icon.png
[DEBUG] from JAR /Users/acaland/Library/Application Support/Titanium/mobilesdk/osx/3.1.3.GA/android/titanium.jar => org/appcelerator/titanium/res/drawable/photoDefault.png
[DEBUG] from JAR /Users/acaland/Library/Application Support/Titanium/mobilesdk/osx/3.1.3.GA/android/modules/titanium-ui.jar => ti/modules/titanium/ui/widget/webview/binding.js
[DEBUG] from JAR /Users/acaland/Library/Application Support/Titanium/mobilesdk/osx/3.1.3.GA/android/modules/titanium-ui.jar => ti/modules/titanium/ui/widget/webview/binding.min.js
[DEBUG] from JAR /Users/acaland/Library/Application Support/Titanium/mobilesdk/osx/3.1.3.GA/android/modules/titanium-ui.jar => ti/modules/titanium/ui/widget/webview/json2.js
[DEBUG] from JAR /Users/acaland/Library/Application Support/Titanium/mobilesdk/osx/3.1.3.GA/android/modules/titanium-ui.jar => ti/modules/titanium/ui/widget/webview/polling.js
[DEBUG] from JAR /Users/acaland/Library/Application Support/Titanium/mobilesdk/osx/3.1.3.GA/android/modules/titanium-ui.jar => ti/modules/titanium/ui/widget/webview/polling.min.js
[DEBUG] installing native SDK libs
